<?xml version="1.0" encoding="UTF-8"?>
<!-- Generated by org.testng.reporters.JUnitXMLReporter -->
<testsuite ignored="0" hostname="DESKTOP-A5CHD3A" failures="0" tests="4" name="ChromeTest" time="51.151" errors="0" timestamp="2024-09-26T14:38:28 IST">
  <testcase classname="testScripts.CartTest" name="addToCartTest" time="5.79"/>
  <testcase classname="testScripts.CartTest" name="removeFromCartTest" time="4.681"/>
  <testcase classname="testScripts.WishlistTest" name="addToWishlistTest" time="6.515"/>
  <testcase classname="testScripts.WishlistTest" name="removeFromWishlistTest" time="4.253"/>
</testsuite> <!-- ChromeTest -->
