<?xml version="1.0" encoding="UTF-8"?>
<!-- Generated by org.testng.reporters.JUnitXMLReporter -->
<testsuite ignored="0" hostname="DESKTOP-A5CHD3A" failures="0" tests="4" name="Test" time="34.826" errors="0" timestamp="2024-09-26T15:12:00 IST">
  <testcase classname="testScripts.WishlistTest" name="addToWishlistTest" time="5.437"/>
  <testcase classname="testScripts.WishlistTest" name="removeFromWishlistTest" time="3.122"/>
  <testcase classname="testScripts.CartTest" name="addToCartTest" time="3.731"/>
  <testcase classname="testScripts.CartTest" name="removeFromCartTest" time="3.571"/>
</testsuite> <!-- Test -->
